29.9.2023, 23:55:29 - DEBUG - auth.service - signup with username: babi, fullname: Maya 
29.9.2023, 23:55:29 - ERROR - while finding user babi | ReferenceError: logger is not defined 
29.9.2023, 23:55:29 - ERROR - Failed to signup ReferenceError: logger is not defined 
29.9.2023, 23:55:29 - ERROR - cannot insert user | ReferenceError: logger is not defined 
29.9.2023, 23:56:48 - INFO - server.js loaded... 
29.9.2023, 23:56:48 - INFO - Server is running on port: 3030 
29.9.2023, 23:56:53 - DEBUG - auth.service - signup with username: babi, fullname: Maya 
29.9.2023, 23:56:53 - ERROR - cannot insert user | ReferenceError: logger is not defined 
29.9.2023, 23:56:53 - ERROR - while finding user babi | ReferenceError: logger is not defined 
29.9.2023, 23:56:53 - ERROR - Failed to signup ReferenceError: logger is not defined 
30.9.2023, 0:01:47 - DEBUG - auth.service - login with username: Nugget 
30.9.2023, 0:01:47 - ERROR - while finding user Nugget | ReferenceError: logger is not defined 
30.9.2023, 0:01:47 - ERROR - Failed to Login ReferenceError: logger is not defined 
30.9.2023, 0:06:26 - DEBUG - auth.service - signup with username: mmm, fullname: mmm 
30.9.2023, 0:06:26 - ERROR - while finding user mmm | ReferenceError: logger is not defined 
30.9.2023, 0:06:26 - ERROR - cannot insert user | ReferenceError: logger is not defined 
30.9.2023, 0:06:26 - ERROR - Failed to signup ReferenceError: logger is not defined 
30.9.2023, 0:08:48 - INFO - server.js loaded... 
30.9.2023, 0:08:48 - INFO - Server is running on port: 3030 
30.9.2023, 0:09:53 - DEBUG - auth.service - signup with username: mmm, fullname: mmm 
30.9.2023, 0:09:53 - ERROR - while finding user mmm | ReferenceError: logger is not defined 
30.9.2023, 0:09:53 - ERROR - cannot insert user | ReferenceError: logger is not defined 
30.9.2023, 0:09:53 - ERROR - Failed to signup ReferenceError: logger is not defined 
30.9.2023, 0:14:51 - INFO - server.js loaded... 
30.9.2023, 0:14:51 - INFO - Server is running on port: 3030 
30.9.2023, 0:17:55 - INFO - server.js loaded... 
30.9.2023, 0:17:55 - INFO - Server is running on port: 3030 
30.9.2023, 0:18:08 - DEBUG - auth.service - signup with username: mmm, fullname: mmm 
30.9.2023, 0:18:08 - ERROR - while finding user mmm | ReferenceError: logger is not defined 
30.9.2023, 0:18:08 - ERROR - cannot insert user | ReferenceError: logger is not defined 
30.9.2023, 0:18:08 - ERROR - Failed to signup ReferenceError: logger is not defined 
30.9.2023, 0:18:12 - DEBUG - auth.service - signup with username: mmm, fullname: mmm 
30.9.2023, 0:18:12 - ERROR - while finding user mmm | ReferenceError: logger is not defined 
30.9.2023, 0:18:13 - ERROR - cannot insert user | ReferenceError: logger is not defined 
30.9.2023, 0:18:13 - ERROR - Failed to signup ReferenceError: logger is not defined 
30.9.2023, 0:18:34 - ERROR - cannot find toys | ReferenceError: logger is not defined 
30.9.2023, 0:19:38 - INFO - server.js loaded... 
30.9.2023, 0:19:38 - INFO - Server is running on port: 3030 
30.9.2023, 0:19:48 - INFO - server.js loaded... 
30.9.2023, 0:19:48 - INFO - Server is running on port: 3030 
30.9.2023, 0:20:12 - INFO - server.js loaded... 
30.9.2023, 0:20:12 - INFO - Server is running on port: 3030 
30.9.2023, 0:20:18 - INFO - server.js loaded... 
30.9.2023, 0:20:18 - INFO - Server is running on port: 3030 
30.9.2023, 0:25:03 - ERROR - cannot find toys | ReferenceError: logger is not defined 
30.9.2023, 0:28:28 - INFO - server.js loaded... 
30.9.2023, 0:28:28 - INFO - Server is running on port: 3030 
30.9.2023, 0:29:43 - INFO - server.js loaded... 
30.9.2023, 0:29:43 - INFO - Server is running on port: 3030 
30.9.2023, 0:33:06 - DEBUG - auth.service - signup with username: Yarin tzadak, fullname: YARIN 
30.9.2023, 0:33:07 - DEBUG - auth.route - new account created: {"username":"Yarin tzadak","password":"$2b$10$aGoBwgZo6ZbAnBqzYDKq7.V95UJ5TQookibwuUnC3hPFeaiRtdzJe","fullname":"YARIN","isAdmin":false,"imgUrl":"https://robohash.org/Yarin tzadak","_id":"65174293b1ffd84f24c24167"} 
30.9.2023, 0:33:07 - DEBUG - auth.service - login with username: Yarin tzadak 
30.9.2023, 16:09:25 - INFO - server.js loaded... 
30.9.2023, 16:09:25 - INFO - Server is running on port: 3030 
30.9.2023, 16:41:23 - INFO - server.js loaded... 
30.9.2023, 16:41:23 - INFO - Server is running on port: 3030 
30.9.2023, 16:54:52 - INFO - server.js loaded... 
30.9.2023, 16:54:52 - INFO - Server is running on port: 3030 
30.9.2023, 17:15:35 - DEBUG - auth.service - signup with username: admin, fullname: admin 
30.9.2023, 17:15:35 - DEBUG - auth.route - new account created: {"username":"admin","password":"$2b$10$cxrWeLOMusbZ3c0K6FUmb.sTbhbjcgLNQG7nrYv/3UPSsF5CpKI4K","fullname":"admin","isAdmin":false,"imgUrl":"https://robohash.org/admin","_id":"65182d8782012bdbf8601c34"} 
30.9.2023, 17:15:35 - DEBUG - auth.service - login with username: admin 
30.9.2023, 17:15:38 - DEBUG - auth.service - signup with username: admin, fullname: admin 
30.9.2023, 17:15:38 - ERROR - cannot insert user | Error: Username taken 
30.9.2023, 17:15:38 - ERROR - Failed to signup Error: Username taken 
30.9.2023, 17:16:32 - DEBUG - auth.service - login with username: admin 
30.9.2023, 17:16:32 - INFO - User login:  | {"_id":"65182d8782012bdbf8601c34","username":"admin","fullname":"admin","isAdmin":true,"imgUrl":"https://robohash.org/admin"} 
30.9.2023, 17:25:00 - DEBUG - auth.service - login with username: Nugget 
30.9.2023, 17:25:00 - ERROR - Failed to Login Error: Invalid username or password 
30.9.2023, 17:25:04 - DEBUG - auth.service - login with username: Nugget 
30.9.2023, 17:25:04 - INFO - User login:  | {"_id":"6516dcac9311ce7ab40abe7b","username":"Nugget","fullname":"Nugget Cohen","isAdmin":true} 
30.9.2023, 17:56:52 - DEBUG - auth.service - login with username: admin 
30.9.2023, 17:56:52 - INFO - User login:  | {"_id":"65182d8782012bdbf8601c34","username":"admin","fullname":"admin","isAdmin":true,"imgUrl":"https://robohash.org/admin"} 
30.9.2023, 17:57:18 - DEBUG - auth.service - signup with username: m, fullname: m 
30.9.2023, 17:57:18 - DEBUG - auth.route - new account created: {"username":"m","password":"$2b$10$HVo9kiO0rrJWJPNh/o4d5.dBeDFNwOHtKJ/wYNA7YxtUDIEogv7Ru","fullname":"m","isAdmin":false,"imgUrl":"https://robohash.org/m","_id":"6518374e82012bdbf8601c36"} 
30.9.2023, 17:57:18 - DEBUG - auth.service - login with username: m 
30.9.2023, 18:05:08 - DEBUG - auth.service - login with username: admin 
30.9.2023, 18:05:08 - INFO - User login:  | {"_id":"65182d8782012bdbf8601c34","username":"admin","fullname":"admin","isAdmin":true,"imgUrl":"https://robohash.org/admin"} 
30.9.2023, 18:05:35 - DEBUG - auth.service - login with username: m 
30.9.2023, 18:05:36 - INFO - User login:  | {"_id":"6518374e82012bdbf8601c36","username":"m","fullname":"m","isAdmin":false,"imgUrl":"https://robohash.org/m"} 
30.9.2023, 18:06:29 - DEBUG - auth.service - login with username: m 
30.9.2023, 18:06:30 - INFO - User login:  | {"_id":"6518374e82012bdbf8601c36","username":"m","fullname":"m","isAdmin":false,"imgUrl":"https://robohash.org/m"} 
30.9.2023, 18:10:54 - DEBUG - auth.service - login with username: m 
30.9.2023, 18:10:54 - INFO - User login:  | {"_id":"6518374e82012bdbf8601c36","username":"m","fullname":"m","isAdmin":false,"imgUrl":"https://robohash.org/m"} 
30.9.2023, 18:12:53 - DEBUG - auth.service - login with username: m 
30.9.2023, 18:12:53 - INFO - User login:  | {"_id":"6518374e82012bdbf8601c36","username":"m","fullname":"m","isAdmin":false,"imgUrl":"https://robohash.org/m"} 
30.9.2023, 18:14:01 - DEBUG - auth.service - login with username: admin 
30.9.2023, 18:14:01 - INFO - User login:  | {"_id":"65182d8782012bdbf8601c34","username":"admin","fullname":"admin","isAdmin":true,"imgUrl":"https://robohash.org/admin"} 
30.9.2023, 18:32:33 - DEBUG - auth.service - login with username: admin 
30.9.2023, 18:32:33 - INFO - User login:  | {"_id":"65182d8782012bdbf8601c34","username":"admin","fullname":"admin","isAdmin":true,"imgUrl":"https://robohash.org/admin"} 
30.9.2023, 18:37:01 - DEBUG - auth.service - login with username: admin 
30.9.2023, 18:37:01 - INFO - User login:  | {"_id":"65182d8782012bdbf8601c34","username":"admin","fullname":"admin","isAdmin":true,"imgUrl":"https://robohash.org/admin"} 
30.9.2023, 18:37:58 - DEBUG - auth.service - login with username: admin 
30.9.2023, 18:37:58 - INFO - User login:  | {"_id":"65182d8782012bdbf8601c34","username":"admin","fullname":"admin","isAdmin":true,"imgUrl":"https://robohash.org/admin"} 
30.9.2023, 18:38:09 - DEBUG - auth.service - login with username: ... 
30.9.2023, 18:38:09 - ERROR - Failed to Login Error: Invalid username or password 
30.9.2023, 18:38:35 - DEBUG - auth.service - login with username: admin 
30.9.2023, 18:38:35 - INFO - User login:  | {"_id":"65182d8782012bdbf8601c34","username":"admin","fullname":"admin","isAdmin":true,"imgUrl":"https://robohash.org/admin"} 
30.9.2023, 18:41:52 - DEBUG - auth.service - login with username: admin 
30.9.2023, 18:41:52 - INFO - User login:  | {"_id":"65182d8782012bdbf8601c34","username":"admin","fullname":"admin","isAdmin":true,"imgUrl":"https://robohash.org/admin"} 
30.9.2023, 18:42:02 - DEBUG - auth.service - login with username: admin 
30.9.2023, 18:42:02 - INFO - User login:  | {"_id":"65182d8782012bdbf8601c34","username":"admin","fullname":"admin","isAdmin":true,"imgUrl":"https://robohash.org/admin"} 
30.9.2023, 18:45:49 - INFO - server.js loaded... 
30.9.2023, 18:45:49 - INFO - Server is running on port: 3030 
30.9.2023, 18:46:40 - INFO - server.js loaded... 
30.9.2023, 18:46:40 - INFO - Server is running on port: 3030 
30.9.2023, 18:47:19 - DEBUG - auth.service - login with username: admin 
30.9.2023, 18:47:19 - INFO - User login:  | {"_id":"65182d8782012bdbf8601c34","username":"admin","fullname":"admin","isAdmin":true,"imgUrl":"https://robohash.org/admin"} 
30.9.2023, 18:47:41 - ERROR - cannot find toys | MongoError: unknown operator: $sort 
30.9.2023, 18:47:44 - ERROR - cannot find toys | MongoError: unknown operator: $sort 
30.9.2023, 18:48:04 - ERROR - cannot find toys | MongoError: unknown operator: $sort 
30.9.2023, 18:48:05 - ERROR - cannot find toys | MongoError: unknown operator: $sort 
30.9.2023, 18:48:07 - ERROR - cannot find toys | MongoError: unknown operator: $sort 
30.9.2023, 18:48:08 - ERROR - cannot find toys | MongoError: unknown operator: $sort 
30.9.2023, 18:48:09 - ERROR - cannot find toys | MongoError: unknown operator: $sort 
30.9.2023, 18:48:10 - ERROR - cannot find toys | MongoError: unknown operator: $sort 
30.9.2023, 18:48:21 - ERROR - cannot find toys | MongoError: unknown operator: $sort 
30.9.2023, 18:48:28 - ERROR - cannot find toys | MongoError: unknown operator: $sort 
30.9.2023, 18:49:18 - ERROR - cannot find toys | MongoError: unknown operator: $sort 
30.9.2023, 18:50:07 - ERROR - cannot find toys | MongoError: unknown operator: $sort 
30.9.2023, 18:50:08 - ERROR - cannot find toys | MongoError: unknown operator: $sort 
30.9.2023, 18:50:09 - ERROR - cannot find toys | MongoError: unknown operator: $sort 
30.9.2023, 18:50:14 - ERROR - cannot find toys | MongoError: unknown operator: $sort 
30.9.2023, 18:50:14 - ERROR - cannot find toys | MongoError: unknown operator: $sort 
30.9.2023, 18:50:15 - ERROR - cannot find toys | MongoError: unknown operator: $sort 
30.9.2023, 18:50:16 - ERROR - cannot find toys | MongoError: unknown operator: $sort 
30.9.2023, 18:50:17 - ERROR - cannot find toys | MongoError: unknown operator: $sort 
30.9.2023, 18:50:19 - ERROR - cannot find toys | MongoError: unknown operator: $sort 
30.9.2023, 18:50:19 - ERROR - cannot find toys | MongoError: unknown operator: $sort 
30.9.2023, 18:50:20 - ERROR - cannot find toys | MongoError: unknown operator: $sort 
30.9.2023, 18:50:24 - ERROR - cannot find toys | MongoError: unknown operator: $sort 
30.9.2023, 18:50:38 - ERROR - cannot find toys | MongoError: unknown operator: $sort 
30.9.2023, 18:50:38 - ERROR - cannot find toys | MongoError: unknown operator: $sort 
30.9.2023, 18:50:46 - ERROR - cannot find toys | MongoError: unknown operator: $sort 
30.9.2023, 18:50:51 - ERROR - cannot find toys | MongoError: unknown operator: $sort 
30.9.2023, 18:51:36 - ERROR - cannot find toys | MongoError: unknown operator: $sort 
30.9.2023, 18:51:41 - ERROR - cannot find toys | MongoError: unknown operator: $sort 
30.9.2023, 18:52:17 - ERROR - cannot find toys | MongoError: unknown operator: $sort 
30.9.2023, 18:52:20 - ERROR - cannot find toys | MongoError: unknown operator: $sort 
30.9.2023, 18:53:29 - ERROR - cannot find toys | MongoError: unknown operator: $sort 
30.9.2023, 18:53:33 - ERROR - cannot find toys | MongoError: unknown operator: $sort 
30.9.2023, 19:03:19 - INFO - server.js loaded... 
30.9.2023, 19:03:19 - INFO - Server is running on port: 3030 
30.9.2023, 19:04:53 - INFO - server.js loaded... 
30.9.2023, 19:04:53 - INFO - Server is running on port: 3030 
30.9.2023, 19:19:52 - INFO - server.js loaded... 
30.9.2023, 19:19:52 - INFO - Server is running on port: 3030 
30.9.2023, 19:23:25 - INFO - server.js loaded... 
30.9.2023, 19:23:26 - INFO - Server is running on port: 3030 
30.9.2023, 19:23:30 - ERROR - cannot find toys | ReferenceError: collection is not defined 
30.9.2023, 19:23:31 - ERROR - cannot find toys | ReferenceError: collection is not defined 
30.9.2023, 19:23:35 - ERROR - cannot find toys | ReferenceError: collection is not defined 
30.9.2023, 19:23:35 - ERROR - cannot find toys | ReferenceError: collection is not defined 
30.9.2023, 19:27:25 - INFO - server.js loaded... 
30.9.2023, 19:27:25 - INFO - Server is running on port: 3030 
30.9.2023, 19:27:27 - ERROR - cannot find toys | ReferenceError: collection is not defined 
30.9.2023, 19:27:28 - ERROR - cannot find toys | ReferenceError: collection is not defined 
30.9.2023, 19:27:29 - ERROR - cannot find toys | ReferenceError: collection is not defined 
30.9.2023, 19:28:15 - INFO - server.js loaded... 
30.9.2023, 19:28:15 - INFO - Server is running on port: 3030 
30.9.2023, 19:28:19 - ERROR - cannot find toys | ReferenceError: collection is not defined 
30.9.2023, 19:28:21 - ERROR - cannot find toys | ReferenceError: collection is not defined 
30.9.2023, 19:28:22 - ERROR - cannot find toys | ReferenceError: collection is not defined 
30.9.2023, 19:29:09 - INFO - server.js loaded... 
30.9.2023, 19:29:09 - INFO - Server is running on port: 3030 
30.9.2023, 19:30:57 - INFO - server.js loaded... 
30.9.2023, 19:30:57 - INFO - Server is running on port: 3030 
30.9.2023, 19:31:13 - INFO - server.js loaded... 
30.9.2023, 19:31:13 - INFO - Server is running on port: 3030 
30.9.2023, 19:31:29 - INFO - server.js loaded... 
30.9.2023, 19:31:29 - INFO - Server is running on port: 3030 
30.9.2023, 19:31:32 - ERROR - cannot find toys | MongoError: $meta is the only expression supported by $sort right now 
30.9.2023, 19:31:56 - INFO - server.js loaded... 
30.9.2023, 19:31:56 - INFO - Server is running on port: 3030 
30.9.2023, 19:32:43 - INFO - server.js loaded... 
30.9.2023, 19:32:43 - INFO - Server is running on port: 3030 
30.9.2023, 19:33:17 - INFO - server.js loaded... 
30.9.2023, 19:33:17 - INFO - Server is running on port: 3030 
30.9.2023, 19:33:45 - INFO - server.js loaded... 
30.9.2023, 19:33:45 - INFO - Server is running on port: 3030 
30.9.2023, 19:34:00 - INFO - server.js loaded... 
30.9.2023, 19:34:00 - INFO - Server is running on port: 3030 
30.9.2023, 19:35:13 - INFO - server.js loaded... 
30.9.2023, 19:35:13 - INFO - Server is running on port: 3030 
30.9.2023, 19:38:20 - INFO - server.js loaded... 
30.9.2023, 19:38:20 - INFO - Server is running on port: 3030 
30.9.2023, 19:39:10 - INFO - server.js loaded... 
30.9.2023, 19:39:10 - INFO - Server is running on port: 3030 
30.9.2023, 19:40:11 - INFO - server.js loaded... 
30.9.2023, 19:40:11 - INFO - Server is running on port: 3030 
30.9.2023, 19:41:11 - INFO - server.js loaded... 
30.9.2023, 19:41:11 - INFO - Server is running on port: 3030 
30.9.2023, 19:42:39 - INFO - server.js loaded... 
30.9.2023, 19:42:39 - INFO - Server is running on port: 3030 
30.9.2023, 19:43:26 - INFO - server.js loaded... 
30.9.2023, 19:43:26 - INFO - Server is running on port: 3030 
30.9.2023, 19:44:41 - INFO - server.js loaded... 
30.9.2023, 19:44:41 - INFO - Server is running on port: 3030 
30.9.2023, 19:44:47 - INFO - server.js loaded... 
30.9.2023, 19:44:47 - INFO - Server is running on port: 3030 
30.9.2023, 19:46:08 - INFO - server.js loaded... 
30.9.2023, 19:46:08 - INFO - Server is running on port: 3030 
30.9.2023, 19:47:20 - INFO - server.js loaded... 
30.9.2023, 19:47:20 - INFO - Server is running on port: 3030 
30.9.2023, 19:48:47 - INFO - server.js loaded... 
30.9.2023, 19:48:47 - INFO - Server is running on port: 3030 
30.9.2023, 19:49:36 - INFO - server.js loaded... 
30.9.2023, 19:49:36 - INFO - Server is running on port: 3030 
30.9.2023, 19:51:53 - ERROR - cannot find toys | MongoError: $meta is the only expression supported by $sort right now 
30.9.2023, 19:52:45 - INFO - server.js loaded... 
30.9.2023, 19:52:45 - INFO - Server is running on port: 3030 
30.9.2023, 19:53:09 - INFO - server.js loaded... 
30.9.2023, 19:53:09 - INFO - Server is running on port: 3030 
30.9.2023, 19:55:20 - INFO - server.js loaded... 
30.9.2023, 19:55:20 - INFO - Server is running on port: 3030 
30.9.2023, 19:56:26 - INFO - server.js loaded... 
30.9.2023, 19:56:26 - INFO - Server is running on port: 3030 
30.9.2023, 20:00:08 - INFO - server.js loaded... 
30.9.2023, 20:00:08 - INFO - Server is running on port: 3030 
30.9.2023, 20:01:49 - INFO - server.js loaded... 
30.9.2023, 20:01:50 - INFO - Server is running on port: 3030 
30.9.2023, 20:01:54 - INFO - server.js loaded... 
30.9.2023, 20:01:54 - INFO - Server is running on port: 3030 
30.9.2023, 20:05:27 - INFO - server.js loaded... 
30.9.2023, 20:05:27 - INFO - Server is running on port: 3030 
30.9.2023, 20:05:43 - INFO - server.js loaded... 
30.9.2023, 20:05:43 - INFO - Server is running on port: 3030 
30.9.2023, 20:41:01 - INFO - server.js loaded... 
30.9.2023, 20:41:01 - INFO - Server is running on port: 3030 
30.9.2023, 20:51:03 - INFO - server.js loaded... 
30.9.2023, 20:51:03 - INFO - Server is running on port: 3030 
30.9.2023, 22:45:09 - DEBUG - auth.service - login with username: m 
30.9.2023, 22:45:09 - INFO - User login:  | {"_id":"6518374e82012bdbf8601c36","username":"m","fullname":"m","isAdmin":false,"imgUrl":"https://robohash.org/m"} 
30.9.2023, 23:32:30 - DEBUG - auth.service - login with username: admin 
30.9.2023, 23:32:30 - INFO - User login:  | {"_id":"65182d8782012bdbf8601c34","username":"admin","fullname":"admin","isAdmin":true,"imgUrl":"https://robohash.org/admin"} 
30.9.2023, 23:34:43 - DEBUG - auth.service - login with username: admin 
30.9.2023, 23:34:44 - ERROR - Failed to Login Error: Invalid username or password 
30.9.2023, 23:34:45 - DEBUG - auth.service - login with username: admin 
30.9.2023, 23:34:45 - ERROR - Failed to Login Error: Invalid username or password 
30.9.2023, 23:34:50 - DEBUG - auth.service - login with username: admin 
30.9.2023, 23:34:50 - INFO - User login:  | {"_id":"65182d8782012bdbf8601c34","username":"admin","fullname":"admin","isAdmin":true,"imgUrl":"https://robohash.org/admin"} 
30.9.2023, 23:43:24 - DEBUG - auth.service - login with username: admin 
30.9.2023, 23:43:24 - ERROR - Failed to Login Error: Invalid username or password 
30.9.2023, 23:43:26 - DEBUG - auth.service - login with username: admin 
30.9.2023, 23:43:26 - ERROR - Failed to Login Error: Invalid username or password 
30.9.2023, 23:43:32 - DEBUG - auth.service - login with username: admin 
30.9.2023, 23:43:33 - INFO - User login:  | {"_id":"65182d8782012bdbf8601c34","username":"admin","fullname":"admin","isAdmin":true,"imgUrl":"https://robohash.org/admin"} 
30.9.2023, 23:58:28 - DEBUG - auth.service - login with username: admin 
30.9.2023, 23:58:28 - INFO - User login:  | {"_id":"65182d8782012bdbf8601c34","username":"admin","fullname":"admin","isAdmin":true,"imgUrl":"https://robohash.org/admin"} 
1.10.2023, 0:02:55 - INFO - server.js loaded... 
1.10.2023, 0:02:56 - INFO - Server is running on port: 3030 
1.10.2023, 0:03:27 - INFO - server.js loaded... 
1.10.2023, 0:03:27 - INFO - Server is running on port: 3030 
